# JRE version: Java(TM) SE Runtime Environment (8.0_40-b26) (build 1.8.0_40-b26)
# Java VM: Java HotSpot(TM) 64-Bit Server VM (25.40-b25 mixed mode windows-amd64 compressed oops)
Heap:
 PSYoungGen      total 233472K, used 126618K [0x00000000d5b80000, 0x00000000ebf80000, 0x0000000100000000)
  eden space 225280K, 56% used [0x00000000d5b80000,0x00000000dd726a88,0x00000000e3780000)
  from space 8192K, 0% used [0x00000000e6780000,0x00000000e6780000,0x00000000e6f80000)
  to   space 49152K, 0% used [0x00000000e3780000,0x00000000e3780000,0x00000000e6780000)
 ParOldGen       total 173568K, used 78240K [0x0000000081200000, 0x000000008bb80000, 0x00000000d5b80000)
  object space 173568K, 45% used [0x0000000081200000,0x0000000085e68370,0x000000008bb80000)
 Metaspace       used 6114K, capacity 6369K, committed 6528K, reserved 1056768K
  class space    used 583K, capacity 626K, committed 640K, reserved 1048576K
GC Heap History (10 events):
Event: 0.757 GC heap before
{Heap before GC invocations=3 (full 0):
 PSYoungGen      total 71680K, used 70194K [0x00000000d5b80000, 0x00000000da680000, 0x0000000100000000)
  eden space 66560K, 100% used [0x00000000d5b80000,0x00000000d9c80000,0x00000000d9c80000)
  from space 5120K, 70% used [0x00000000da180000,0x00000000da50c828,0x00000000da680000)
  to   space 5120K, 0% used [0x00000000d9c80000,0x00000000d9c80000,0x00000000da180000)
 ParOldGen       total 87552K, used 16K [0x0000000081200000, 0x0000000086780000, 0x00000000d5b80000)
  object space 87552K, 0% used [0x0000000081200000,0x0000000081204000,0x0000000086780000)
 Metaspace       used 6013K, capacity 6305K, committed 6528K, reserved 1056768K
  class space    used 572K, capacity 626K, committed 640K, reserved 1048576K
Event: 0.766 GC heap after
Heap after GC invocations=3 (full 0):
 PSYoungGen      total 71680K, used 5114K [0x00000000d5b80000, 0x00000000de780000, 0x0000000100000000)
  eden space 66560K, 0% used [0x00000000d5b80000,0x00000000d5b80000,0x00000000d9c80000)
  from space 5120K, 99% used [0x00000000d9c80000,0x00000000da17e8b8,0x00000000da180000)
  to   space 5120K, 0% used [0x00000000de280000,0x00000000de280000,0x00000000de780000)
 ParOldGen       total 87552K, used 1224K [0x0000000081200000, 0x0000000086780000, 0x00000000d5b80000)
  object space 87552K, 1% used [0x0000000081200000,0x0000000081332000,0x0000000086780000)
 Metaspace       used 6013K, capacity 6305K, committed 6528K, reserved 1056768K
  class space    used 572K, capacity 626K, committed 640K, reserved 1048576K
}
Event: 0.821 GC heap before
{Heap before GC invocations=4 (full 0):
 PSYoungGen      total 71680K, used 71674K [0x00000000d5b80000, 0x00000000de780000, 0x0000000100000000)
  eden space 66560K, 100% used [0x00000000d5b80000,0x00000000d9c80000,0x00000000d9c80000)
  from space 5120K, 99% used [0x00000000d9c80000,0x00000000da17e8b8,0x00000000da180000)
  to   space 5120K, 0% used [0x00000000de280000,0x00000000de280000,0x00000000de780000)
 ParOldGen       total 87552K, used 1224K [0x0000000081200000, 0x0000000086780000, 0x00000000d5b80000)
  object space 87552K, 1% used [0x0000000081200000,0x0000000081332000,0x0000000086780000)
 Metaspace       used 6013K, capacity 6305K, committed 6528K, reserved 1056768K
  class space    used 572K, capacity 626K, committed 640K, reserved 1048576K
Event: 0.831 GC heap after
Heap after GC invocations=4 (full 0):
 PSYoungGen      total 138240K, used 5091K [0x00000000d5b80000, 0x00000000de780000, 0x0000000100000000)
  eden space 133120K, 0% used [0x00000000d5b80000,0x00000000d5b80000,0x00000000ddd80000)
  from space 5120K, 99% used [0x00000000de280000,0x00000000de778e18,0x00000000de780000)
  to   space 5120K, 0% used [0x00000000ddd80000,0x00000000ddd80000,0x00000000de280000)
 ParOldGen       total 87552K, used 4104K [0x0000000081200000, 0x0000000086780000, 0x00000000d5b80000)
  object space 87552K, 4% used [0x0000000081200000,0x0000000081602000,0x0000000086780000)
 Metaspace       used 6013K, capacity 6305K, committed 6528K, reserved 1056768K
  class space    used 572K, capacity 626K, committed 640K, reserved 1048576K
}
Event: 1.003 GC heap before
{Heap before GC invocations=5 (full 0):
 PSYoungGen      total 138240K, used 138211K [0x00000000d5b80000, 0x00000000de780000, 0x0000000100000000)
  eden space 133120K, 100% used [0x00000000d5b80000,0x00000000ddd80000,0x00000000ddd80000)
  from space 5120K, 99% used [0x00000000de280000,0x00000000de778e18,0x00000000de780000)
  to   space 5120K, 0% used [0x00000000ddd80000,0x00000000ddd80000,0x00000000de280000)
 ParOldGen       total 87552K, used 4104K [0x0000000081200000, 0x0000000086780000, 0x00000000d5b80000)
  object space 87552K, 4% used [0x0000000081200000,0x0000000081602000,0x0000000086780000)
 Metaspace       used 6031K, capacity 6305K, committed 6528K, reserved 1056768K
  class space    used 574K, capacity 626K, committed 640K, reserved 1048576K
Event: 1.008 GC heap after
Heap after GC invocations=5 (full 0):
 PSYoungGen      total 138240K, used 5096K [0x00000000d5b80000, 0x00000000e6f80000, 0x0000000100000000)
  eden space 133120K, 0% used [0x00000000d5b80000,0x00000000d5b80000,0x00000000ddd80000)
  from space 5120K, 99% used [0x00000000ddd80000,0x00000000de27a1b0,0x00000000de280000)
  to   space 8192K, 0% used [0x00000000e6780000,0x00000000e6780000,0x00000000e6f80000)
 ParOldGen       total 87552K, used 4472K [0x0000000081200000, 0x0000000086780000, 0x00000000d5b80000)
  object space 87552K, 5% used [0x0000000081200000,0x000000008165e000,0x0000000086780000)
 Metaspace       used 6031K, capacity 6305K, committed 6528K, reserved 1056768K
  class space    used 574K, capacity 626K, committed 640K, reserved 1048576K
}
Event: 1.123 GC heap before
{Heap before GC invocations=6 (full 0):
 PSYoungGen      total 138240K, used 138216K [0x00000000d5b80000, 0x00000000e6f80000, 0x0000000100000000)
  eden space 133120K, 100% used [0x00000000d5b80000,0x00000000ddd80000,0x00000000ddd80000)
  from space 5120K, 99% used [0x00000000ddd80000,0x00000000de27a1b0,0x00000000de280000)
  to   space 8192K, 0% used [0x00000000e6780000,0x00000000e6780000,0x00000000e6f80000)
 ParOldGen       total 87552K, used 4472K [0x0000000081200000, 0x0000000086780000, 0x00000000d5b80000)
  object space 87552K, 5% used [0x0000000081200000,0x000000008165e000,0x0000000086780000)
 Metaspace       used 6045K, capacity 6305K, committed 6528K, reserved 1056768K
  class space    used 576K, capacity 626K, committed 640K, reserved 1048576K
Event: 1.218 GC heap after
Heap after GC invocations=6 (full 0):
 PSYoungGen      total 233472K, used 8185K [0x00000000d5b80000, 0x00000000ebf80000, 0x0000000100000000)
  eden space 225280K, 0% used [0x00000000d5b80000,0x00000000d5b80000,0x00000000e3780000)
  from space 8192K, 99% used [0x00000000e6780000,0x00000000e6f7e628,0x00000000e6f80000)
  to   space 49152K, 0% used [0x00000000e3780000,0x00000000e3780000,0x00000000e6780000)
 ParOldGen       total 87552K, used 74512K [0x0000000081200000, 0x0000000086780000, 0x00000000d5b80000)
  object space 87552K, 85% used [0x0000000081200000,0x0000000085ac4000,0x0000000086780000)
 Metaspace       used 6045K, capacity 6305K, committed 6528K, reserved 1056768K
  class space    used 576K, capacity 626K, committed 640K, reserved 1048576K
}
Event: 1.218 GC heap before
{Heap before GC invocations=7 (full 1):
 PSYoungGen      total 233472K, used 8185K [0x00000000d5b80000, 0x00000000ebf80000, 0x0000000100000000)
  eden space 225280K, 0% used [0x00000000d5b80000,0x00000000d5b80000,0x00000000e3780000)
  from space 8192K, 99% used [0x00000000e6780000,0x00000000e6f7e628,0x00000000e6f80000)
  to   space 49152K, 0% used [0x00000000e3780000,0x00000000e3780000,0x00000000e6780000)
 ParOldGen       total 87552K, used 74512K [0x0000000081200000, 0x0000000086780000, 0x00000000d5b80000)
  object space 87552K, 85% used [0x0000000081200000,0x0000000085ac4000,0x0000000086780000)
 Metaspace       used 6045K, capacity 6305K, committed 6528K, reserved 1056768K
  class space    used 576K, capacity 626K, committed 640K, reserved 1048576K
Event: 1.634 GC heap after
Heap after GC invocations=7 (full 1):
 PSYoungGen      total 233472K, used 0K [0x00000000d5b80000, 0x00000000ebf80000, 0x0000000100000000)
  eden space 225280K, 0% used [0x00000000d5b80000,0x00000000d5b80000,0x00000000e3780000)
  from space 8192K, 0% used [0x00000000e6780000,0x00000000e6780000,0x00000000e6f80000)
  to   space 49152K, 0% used [0x00000000e3780000,0x00000000e3780000,0x00000000e6780000)
 ParOldGen       total 173568K, used 78240K [0x0000000081200000, 0x000000008bb80000, 0x00000000d5b80000)
  object space 173568K, 45% used [0x0000000081200000,0x0000000085e68370,0x000000008bb80000)
 Metaspace       used 6045K, capacity 6305K, committed 6528K, reserved 1056768K
  class space    used 576K, capacity 626K, committed 640K, reserved 1048576K
}

