# JRE version: Java(TM) SE Runtime Environment (8.0_40-b26) (build 1.8.0_40-b26)
# Java VM: Java HotSpot(TM) 64-Bit Server VM (25.40-b25 mixed mode windows-amd64 compressed oops)
Heap:
 PSYoungGen      total 234496K, used 126610K [0x00000000d5b80000, 0x00000000ebf80000, 0x0000000100000000)
  eden space 225792K, 56% used [0x00000000d5b80000,0x00000000dd724b08,0x00000000e3800000)
  from space 8704K, 0% used [0x00000000e6800000,0x00000000e6800000,0x00000000e7080000)
  to   space 49152K, 0% used [0x00000000e3800000,0x00000000e3800000,0x00000000e6800000)
 ParOldGen       total 174592K, used 78129K [0x0000000081200000, 0x000000008bc80000, 0x00000000d5b80000)
  object space 174592K, 44% used [0x0000000081200000,0x0000000085e4c650,0x000000008bc80000)
 Metaspace       used 6110K, capacity 6369K, committed 6528K, reserved 1056768K
  class space    used 583K, capacity 626K, committed 640K, reserved 1048576K
GC Heap History (10 events):
Event: 0.767 GC heap before
{Heap before GC invocations=3 (full 0):
 PSYoungGen      total 71680K, used 70201K [0x00000000d5b80000, 0x00000000da680000, 0x0000000100000000)
  eden space 66560K, 100% used [0x00000000d5b80000,0x00000000d9c80000,0x00000000d9c80000)
  from space 5120K, 71% used [0x00000000da180000,0x00000000da50e570,0x00000000da680000)
  to   space 5120K, 0% used [0x00000000d9c80000,0x00000000d9c80000,0x00000000da180000)
 ParOldGen       total 87552K, used 16K [0x0000000081200000, 0x0000000086780000, 0x00000000d5b80000)
  object space 87552K, 0% used [0x0000000081200000,0x0000000081204000,0x0000000086780000)
 Metaspace       used 6006K, capacity 6305K, committed 6528K, reserved 1056768K
  class space    used 572K, capacity 626K, committed 640K, reserved 1048576K
Event: 0.775 GC heap after
Heap after GC invocations=3 (full 0):
 PSYoungGen      total 71680K, used 5098K [0x00000000d5b80000, 0x00000000de780000, 0x0000000100000000)
  eden space 66560K, 0% used [0x00000000d5b80000,0x00000000d5b80000,0x00000000d9c80000)
  from space 5120K, 99% used [0x00000000d9c80000,0x00000000da17a9f8,0x00000000da180000)
  to   space 5120K, 0% used [0x00000000de280000,0x00000000de280000,0x00000000de780000)
 ParOldGen       total 87552K, used 1184K [0x0000000081200000, 0x0000000086780000, 0x00000000d5b80000)
  object space 87552K, 1% used [0x0000000081200000,0x0000000081328000,0x0000000086780000)
 Metaspace       used 6006K, capacity 6305K, committed 6528K, reserved 1056768K
  class space    used 572K, capacity 626K, committed 640K, reserved 1048576K
}
Event: 0.833 GC heap before
{Heap before GC invocations=4 (full 0):
 PSYoungGen      total 71680K, used 71658K [0x00000000d5b80000, 0x00000000de780000, 0x0000000100000000)
  eden space 66560K, 100% used [0x00000000d5b80000,0x00000000d9c80000,0x00000000d9c80000)
  from space 5120K, 99% used [0x00000000d9c80000,0x00000000da17a9f8,0x00000000da180000)
  to   space 5120K, 0% used [0x00000000de280000,0x00000000de280000,0x00000000de780000)
 ParOldGen       total 87552K, used 1184K [0x0000000081200000, 0x0000000086780000, 0x00000000d5b80000)
  object space 87552K, 1% used [0x0000000081200000,0x0000000081328000,0x0000000086780000)
 Metaspace       used 6006K, capacity 6305K, committed 6528K, reserved 1056768K
  class space    used 572K, capacity 626K, committed 640K, reserved 1048576K
Event: 0.843 GC heap after
Heap after GC invocations=4 (full 0):
 PSYoungGen      total 138240K, used 5091K [0x00000000d5b80000, 0x00000000de780000, 0x0000000100000000)
  eden space 133120K, 0% used [0x00000000d5b80000,0x00000000d5b80000,0x00000000ddd80000)
  from space 5120K, 99% used [0x00000000de280000,0x00000000de778e18,0x00000000de780000)
  to   space 5120K, 0% used [0x00000000ddd80000,0x00000000ddd80000,0x00000000de280000)
 ParOldGen       total 87552K, used 4072K [0x0000000081200000, 0x0000000086780000, 0x00000000d5b80000)
  object space 87552K, 4% used [0x0000000081200000,0x00000000815fa000,0x0000000086780000)
 Metaspace       used 6006K, capacity 6305K, committed 6528K, reserved 1056768K
  class space    used 572K, capacity 626K, committed 640K, reserved 1048576K
}
Event: 1.010 GC heap before
{Heap before GC invocations=5 (full 0):
 PSYoungGen      total 138240K, used 138211K [0x00000000d5b80000, 0x00000000de780000, 0x0000000100000000)
  eden space 133120K, 100% used [0x00000000d5b80000,0x00000000ddd80000,0x00000000ddd80000)
  from space 5120K, 99% used [0x00000000de280000,0x00000000de778e18,0x00000000de780000)
  to   space 5120K, 0% used [0x00000000ddd80000,0x00000000ddd80000,0x00000000de280000)
 ParOldGen       total 87552K, used 4072K [0x0000000081200000, 0x0000000086780000, 0x00000000d5b80000)
  object space 87552K, 4% used [0x0000000081200000,0x00000000815fa000,0x0000000086780000)
 Metaspace       used 6031K, capacity 6305K, committed 6528K, reserved 1056768K
  class space    used 574K, capacity 626K, committed 640K, reserved 1048576K
Event: 1.016 GC heap after
Heap after GC invocations=5 (full 0):
 PSYoungGen      total 138240K, used 5109K [0x00000000d5b80000, 0x00000000e7080000, 0x0000000100000000)
  eden space 133120K, 0% used [0x00000000d5b80000,0x00000000d5b80000,0x00000000ddd80000)
  from space 5120K, 99% used [0x00000000ddd80000,0x00000000de27d608,0x00000000de280000)
  to   space 8704K, 0% used [0x00000000e6800000,0x00000000e6800000,0x00000000e7080000)
 ParOldGen       total 87552K, used 4288K [0x0000000081200000, 0x0000000086780000, 0x00000000d5b80000)
  object space 87552K, 4% used [0x0000000081200000,0x0000000081630000,0x0000000086780000)
 Metaspace       used 6031K, capacity 6305K, committed 6528K, reserved 1056768K
  class space    used 574K, capacity 626K, committed 640K, reserved 1048576K
}
Event: 1.157 GC heap before
{Heap before GC invocations=6 (full 0):
 PSYoungGen      total 138240K, used 138229K [0x00000000d5b80000, 0x00000000e7080000, 0x0000000100000000)
  eden space 133120K, 100% used [0x00000000d5b80000,0x00000000ddd80000,0x00000000ddd80000)
  from space 5120K, 99% used [0x00000000ddd80000,0x00000000de27d608,0x00000000de280000)
  to   space 8704K, 0% used [0x00000000e6800000,0x00000000e6800000,0x00000000e7080000)
 ParOldGen       total 87552K, used 4288K [0x0000000081200000, 0x0000000086780000, 0x00000000d5b80000)
  object space 87552K, 4% used [0x0000000081200000,0x0000000081630000,0x0000000086780000)
 Metaspace       used 6045K, capacity 6305K, committed 6528K, reserved 1056768K
  class space    used 576K, capacity 626K, committed 640K, reserved 1048576K
Event: 1.256 GC heap after
Heap after GC invocations=6 (full 0):
 PSYoungGen      total 234496K, used 8697K [0x00000000d5b80000, 0x00000000ebf80000, 0x0000000100000000)
  eden space 225792K, 0% used [0x00000000d5b80000,0x00000000d5b80000,0x00000000e3800000)
  from space 8704K, 99% used [0x00000000e6800000,0x00000000e707e738,0x00000000e7080000)
  to   space 49152K, 0% used [0x00000000e3800000,0x00000000e3800000,0x00000000e6800000)
 ParOldGen       total 87552K, used 73864K [0x0000000081200000, 0x0000000086780000, 0x00000000d5b80000)
  object space 87552K, 84% used [0x0000000081200000,0x0000000085a22000,0x0000000086780000)
 Metaspace       used 6045K, capacity 6305K, committed 6528K, reserved 1056768K
  class space    used 576K, capacity 626K, committed 640K, reserved 1048576K
}
Event: 1.256 GC heap before
{Heap before GC invocations=7 (full 1):
 PSYoungGen      total 234496K, used 8697K [0x00000000d5b80000, 0x00000000ebf80000, 0x0000000100000000)
  eden space 225792K, 0% used [0x00000000d5b80000,0x00000000d5b80000,0x00000000e3800000)
  from space 8704K, 99% used [0x00000000e6800000,0x00000000e707e738,0x00000000e7080000)
  to   space 49152K, 0% used [0x00000000e3800000,0x00000000e3800000,0x00000000e6800000)
 ParOldGen       total 87552K, used 73864K [0x0000000081200000, 0x0000000086780000, 0x00000000d5b80000)
  object space 87552K, 84% used [0x0000000081200000,0x0000000085a22000,0x0000000086780000)
 Metaspace       used 6045K, capacity 6305K, committed 6528K, reserved 1056768K
  class space    used 576K, capacity 626K, committed 640K, reserved 1048576K
Event: 1.691 GC heap after
Heap after GC invocations=7 (full 1):
 PSYoungGen      total 234496K, used 0K [0x00000000d5b80000, 0x00000000ebf80000, 0x0000000100000000)
  eden space 225792K, 0% used [0x00000000d5b80000,0x00000000d5b80000,0x00000000e3800000)
  from space 8704K, 0% used [0x00000000e6800000,0x00000000e6800000,0x00000000e7080000)
  to   space 49152K, 0% used [0x00000000e3800000,0x00000000e3800000,0x00000000e6800000)
 ParOldGen       total 174592K, used 78129K [0x0000000081200000, 0x000000008bc80000, 0x00000000d5b80000)
  object space 174592K, 44% used [0x0000000081200000,0x0000000085e4c650,0x000000008bc80000)
 Metaspace       used 6045K, capacity 6305K, committed 6528K, reserved 1056768K
  class space    used 576K, capacity 626K, committed 640K, reserved 1048576K
}

