# JRE version: Java(TM) SE Runtime Environment (8.0_40-b26) (build 1.8.0_40-b26)
# Java VM: Java HotSpot(TM) 64-Bit Server VM (25.40-b25 mixed mode windows-amd64 compressed oops)
Heap:
 PSYoungGen      total 231936K, used 77284K [0x00000000d5b80000, 0x00000000ede80000, 0x0000000100000000)
  eden space 215040K, 30% used [0x00000000d5b80000,0x00000000d9b03030,0x00000000e2d80000)
  from space 16896K, 72% used [0x00000000e6e00000,0x00000000e79f61d0,0x00000000e7e80000)
  to   space 66048K, 0% used [0x00000000e2d80000,0x00000000e2d80000,0x00000000e6e00000)
 ParOldGen       total 225280K, used 121199K [0x0000000081200000, 0x000000008ee00000, 0x00000000d5b80000)
  object space 225280K, 53% used [0x0000000081200000,0x000000008885bcf0,0x000000008ee00000)
 Metaspace       used 6109K, capacity 6369K, committed 6528K, reserved 1056768K
  class space    used 583K, capacity 626K, committed 640K, reserved 1048576K
GC Heap History (10 events):
Event: 0.858 GC heap before
{Heap before GC invocations=5 (full 0):
 PSYoungGen      total 71680K, used 71674K [0x00000000d5b80000, 0x00000000da680000, 0x0000000100000000)
  eden space 66560K, 100% used [0x00000000d5b80000,0x00000000d9c80000,0x00000000d9c80000)
  from space 5120K, 99% used [0x00000000da180000,0x00000000da67e9e8,0x00000000da680000)
  to   space 5120K, 0% used [0x00000000d9c80000,0x00000000d9c80000,0x00000000da180000)
 ParOldGen       total 87552K, used 1192K [0x0000000081200000, 0x0000000086780000, 0x00000000d5b80000)
  object space 87552K, 1% used [0x0000000081200000,0x000000008132a000,0x0000000086780000)
 Metaspace       used 6006K, capacity 6305K, committed 6528K, reserved 1056768K
  class space    used 572K, capacity 626K, committed 640K, reserved 1048576K
Event: 0.869 GC heap after
Heap after GC invocations=5 (full 0):
 PSYoungGen      total 71680K, used 5091K [0x00000000d5b80000, 0x00000000dee80000, 0x0000000100000000)
  eden space 66560K, 0% used [0x00000000d5b80000,0x00000000d5b80000,0x00000000d9c80000)
  from space 5120K, 99% used [0x00000000d9c80000,0x00000000da178e18,0x00000000da180000)
  to   space 8704K, 0% used [0x00000000de600000,0x00000000de600000,0x00000000dee80000)
 ParOldGen       total 87552K, used 4080K [0x0000000081200000, 0x0000000086780000, 0x00000000d5b80000)
  object space 87552K, 4% used [0x0000000081200000,0x00000000815fc000,0x0000000086780000)
 Metaspace       used 6006K, capacity 6305K, committed 6528K, reserved 1056768K
  class space    used 572K, capacity 626K, committed 640K, reserved 1048576K
}
Event: 0.928 GC heap before
{Heap before GC invocations=6 (full 0):
 PSYoungGen      total 71680K, used 71651K [0x00000000d5b80000, 0x00000000dee80000, 0x0000000100000000)
  eden space 66560K, 100% used [0x00000000d5b80000,0x00000000d9c80000,0x00000000d9c80000)
  from space 5120K, 99% used [0x00000000d9c80000,0x00000000da178e18,0x00000000da180000)
  to   space 8704K, 0% used [0x00000000de600000,0x00000000de600000,0x00000000dee80000)
 ParOldGen       total 87552K, used 4080K [0x0000000081200000, 0x0000000086780000, 0x00000000d5b80000)
  object space 87552K, 4% used [0x0000000081200000,0x00000000815fc000,0x0000000086780000)
 Metaspace       used 6006K, capacity 6305K, committed 6528K, reserved 1056768K
  class space    used 572K, capacity 626K, committed 640K, reserved 1048576K
Event: 0.938 GC heap after
Heap after GC invocations=6 (full 0):
 PSYoungGen      total 140800K, used 8523K [0x00000000d5b80000, 0x00000000df080000, 0x0000000100000000)
  eden space 132096K, 0% used [0x00000000d5b80000,0x00000000d5b80000,0x00000000ddc80000)
  from space 8704K, 97% used [0x00000000de600000,0x00000000dee52f48,0x00000000dee80000)
  to   space 9728K, 0% used [0x00000000ddc80000,0x00000000ddc80000,0x00000000de600000)
 ParOldGen       total 87552K, used 4088K [0x0000000081200000, 0x0000000086780000, 0x00000000d5b80000)
  object space 87552K, 4% used [0x0000000081200000,0x00000000815fe000,0x0000000086780000)
 Metaspace       used 6006K, capacity 6305K, committed 6528K, reserved 1056768K
  class space    used 572K, capacity 626K, committed 640K, reserved 1048576K
}
Event: 1.145 GC heap before
{Heap before GC invocations=7 (full 0):
 PSYoungGen      total 140800K, used 140619K [0x00000000d5b80000, 0x00000000df080000, 0x0000000100000000)
  eden space 132096K, 100% used [0x00000000d5b80000,0x00000000ddc80000,0x00000000ddc80000)
  from space 8704K, 97% used [0x00000000de600000,0x00000000dee52f48,0x00000000dee80000)
  to   space 9728K, 0% used [0x00000000ddc80000,0x00000000ddc80000,0x00000000de600000)
 ParOldGen       total 87552K, used 4088K [0x0000000081200000, 0x0000000086780000, 0x00000000d5b80000)
  object space 87552K, 4% used [0x0000000081200000,0x00000000815fe000,0x0000000086780000)
 Metaspace       used 6045K, capacity 6305K, committed 6528K, reserved 1056768K
  class space    used 576K, capacity 626K, committed 640K, reserved 1048576K
Event: 1.171 GC heap after
Heap after GC invocations=7 (full 0):
 PSYoungGen      total 141824K, used 9714K [0x00000000d5b80000, 0x00000000e7e80000, 0x0000000100000000)
  eden space 132096K, 0% used [0x00000000d5b80000,0x00000000d5b80000,0x00000000ddc80000)
  from space 9728K, 99% used [0x00000000ddc80000,0x00000000de5fca40,0x00000000de600000)
  to   space 16896K, 0% used [0x00000000e6e00000,0x00000000e6e00000,0x00000000e7e80000)
 ParOldGen       total 87552K, used 15666K [0x0000000081200000, 0x0000000086780000, 0x00000000d5b80000)
  object space 87552K, 17% used [0x0000000081200000,0x000000008214cba0,0x0000000086780000)
 Metaspace       used 6045K, capacity 6305K, committed 6528K, reserved 1056768K
  class space    used 576K, capacity 626K, committed 640K, reserved 1048576K
}
Event: 1.211 GC heap before
{Heap before GC invocations=8 (full 0):
 PSYoungGen      total 141824K, used 141810K [0x00000000d5b80000, 0x00000000e7e80000, 0x0000000100000000)
  eden space 132096K, 100% used [0x00000000d5b80000,0x00000000ddc80000,0x00000000ddc80000)
  from space 9728K, 99% used [0x00000000ddc80000,0x00000000de5fca40,0x00000000de600000)
  to   space 16896K, 0% used [0x00000000e6e00000,0x00000000e6e00000,0x00000000e7e80000)
 ParOldGen       total 87552K, used 15666K [0x0000000081200000, 0x0000000086780000, 0x00000000d5b80000)
  object space 87552K, 17% used [0x0000000081200000,0x000000008214cba0,0x0000000086780000)
 Metaspace       used 6045K, capacity 6305K, committed 6528K, reserved 1056768K
  class space    used 576K, capacity 626K, committed 640K, reserved 1048576K
Event: 1.363 GC heap after
Heap after GC invocations=8 (full 0):
 PSYoungGen      total 231936K, used 16878K [0x00000000d5b80000, 0x00000000ede80000, 0x0000000100000000)
  eden space 215040K, 0% used [0x00000000d5b80000,0x00000000d5b80000,0x00000000e2d80000)
  from space 16896K, 99% used [0x00000000e6e00000,0x00000000e7e7b858,0x00000000e7e80000)
  to   space 66048K, 0% used [0x00000000e2d80000,0x00000000e2d80000,0x00000000e6e00000)
 ParOldGen       total 121344K, used 121194K [0x0000000081200000, 0x0000000088880000, 0x00000000d5b80000)
  object space 121344K, 99% used [0x0000000081200000,0x000000008885aba0,0x0000000088880000)
 Metaspace       used 6045K, capacity 6305K, committed 6528K, reserved 1056768K
  class space    used 576K, capacity 626K, committed 640K, reserved 1048576K
}
Event: 1.363 GC heap before
{Heap before GC invocations=9 (full 1):
 PSYoungGen      total 231936K, used 16878K [0x00000000d5b80000, 0x00000000ede80000, 0x0000000100000000)
  eden space 215040K, 0% used [0x00000000d5b80000,0x00000000d5b80000,0x00000000e2d80000)
  from space 16896K, 99% used [0x00000000e6e00000,0x00000000e7e7b858,0x00000000e7e80000)
  to   space 66048K, 0% used [0x00000000e2d80000,0x00000000e2d80000,0x00000000e6e00000)
 ParOldGen       total 121344K, used 121194K [0x0000000081200000, 0x0000000088880000, 0x00000000d5b80000)
  object space 121344K, 99% used [0x0000000081200000,0x000000008885aba0,0x0000000088880000)
 Metaspace       used 6045K, capacity 6305K, committed 6528K, reserved 1056768K
  class space    used 576K, capacity 626K, committed 640K, reserved 1048576K
Event: 2.093 GC heap after
Heap after GC invocations=9 (full 1):
 PSYoungGen      total 231936K, used 12248K [0x00000000d5b80000, 0x00000000ede80000, 0x0000000100000000)
  eden space 215040K, 0% used [0x00000000d5b80000,0x00000000d5b80000,0x00000000e2d80000)
  from space 16896K, 72% used [0x00000000e6e00000,0x00000000e79f61d0,0x00000000e7e80000)
  to   space 66048K, 0% used [0x00000000e2d80000,0x00000000e2d80000,0x00000000e6e00000)
 ParOldGen       total 225280K, used 121199K [0x0000000081200000, 0x000000008ee00000, 0x00000000d5b80000)
  object space 225280K, 53% used [0x0000000081200000,0x000000008885bcf0,0x000000008ee00000)
 Metaspace       used 6045K, capacity 6305K, committed 6528K, reserved 1056768K
  class space    used 576K, capacity 626K, committed 640K, reserved 1048576K
}

