# JRE version: Java(TM) SE Runtime Environment (8.0_31-b13) (build 1.8.0_31-b13)
# Java VM: Java HotSpot(TM) 64-Bit Server VM (25.31-b07 mixed mode windows-amd64 compressed oops)
Heap:
 PSYoungGen      total 277504K, used 71733K [0x00000000d5b80000, 0x00000000f1180000, 0x0000000100000000)
  eden space 266240K, 25% used [0x00000000d5b80000,0x00000000d9efd630,0x00000000e5f80000)
  from space 11264K, 23% used [0x00000000e5f80000,0x00000000e6210000,0x00000000e6a80000)
  to   space 11264K, 0% used [0x00000000f0680000,0x00000000f0680000,0x00000000f1180000)
 ParOldGen       total 87552K, used 13000K [0x0000000081200000, 0x0000000086780000, 0x00000000d5b80000)
  object space 87552K, 14% used [0x0000000081200000,0x0000000081eb23b8,0x0000000086780000)
 Metaspace       used 6222K, capacity 6433K, committed 6528K, reserved 1056768K
  class space    used 585K, capacity 626K, committed 640K, reserved 1048576K
GC Heap History (10 events):
Event: 1.770 GC heap before
{Heap before GC invocations=5 (full 0):
 PSYoungGen      total 71680K, used 71673K [0x00000000d5b80000, 0x00000000da680000, 0x0000000100000000)
  eden space 66560K, 100% used [0x00000000d5b80000,0x00000000d9c80000,0x00000000d9c80000)
  from space 5120K, 99% used [0x00000000da180000,0x00000000da67e528,0x00000000da680000)
  to   space 5120K, 0% used [0x00000000d9c80000,0x00000000d9c80000,0x00000000da180000)
 ParOldGen       total 87552K, used 9242K [0x0000000081200000, 0x0000000086780000, 0x00000000d5b80000)
  object space 87552K, 10% used [0x0000000081200000,0x0000000081b06a68,0x0000000086780000)
 Metaspace       used 6183K, capacity 6433K, committed 6528K, reserved 1056768K
  class space    used 584K, capacity 626K, committed 640K, reserved 1048576K
Event: 1.781 GC heap after
Heap after GC invocations=5 (full 0):
 PSYoungGen      total 71680K, used 5104K [0x00000000d5b80000, 0x00000000df480000, 0x0000000100000000)
  eden space 66560K, 0% used [0x00000000d5b80000,0x00000000d5b80000,0x00000000d9c80000)
  from space 5120K, 99% used [0x00000000d9c80000,0x00000000da17c160,0x00000000da180000)
  to   space 11776K, 0% used [0x00000000de900000,0x00000000de900000,0x00000000df480000)
 ParOldGen       total 87552K, used 10130K [0x0000000081200000, 0x0000000086780000, 0x00000000d5b80000)
  object space 87552K, 11% used [0x0000000081200000,0x0000000081be4a68,0x0000000086780000)
 Metaspace       used 6183K, capacity 6433K, committed 6528K, reserved 1056768K
  class space    used 584K, capacity 626K, committed 640K, reserved 1048576K
}
Event: 2.293 GC heap before
{Heap before GC invocations=6 (full 0):
 PSYoungGen      total 71680K, used 71664K [0x00000000d5b80000, 0x00000000df480000, 0x0000000100000000)
  eden space 66560K, 100% used [0x00000000d5b80000,0x00000000d9c80000,0x00000000d9c80000)
  from space 5120K, 99% used [0x00000000d9c80000,0x00000000da17c160,0x00000000da180000)
  to   space 11776K, 0% used [0x00000000de900000,0x00000000de900000,0x00000000df480000)
 ParOldGen       total 87552K, used 10130K [0x0000000081200000, 0x0000000086780000, 0x00000000d5b80000)
  object space 87552K, 11% used [0x0000000081200000,0x0000000081be4a68,0x0000000086780000)
 Metaspace       used 6193K, capacity 6433K, committed 6528K, reserved 1056768K
  class space    used 585K, capacity 626K, committed 640K, reserved 1048576K
Event: 2.302 GC heap after
Heap after GC invocations=6 (full 0):
 PSYoungGen      total 143872K, used 5437K [0x00000000d5b80000, 0x00000000df380000, 0x0000000100000000)
  eden space 133120K, 0% used [0x00000000d5b80000,0x00000000d5b80000,0x00000000ddd80000)
  from space 10752K, 50% used [0x00000000de900000,0x00000000dee4f570,0x00000000df380000)
  to   space 11264K, 0% used [0x00000000ddd80000,0x00000000ddd80000,0x00000000de880000)
 ParOldGen       total 87552K, used 10138K [0x0000000081200000, 0x0000000086780000, 0x00000000d5b80000)
  object space 87552K, 11% used [0x0000000081200000,0x0000000081be6a68,0x0000000086780000)
 Metaspace       used 6193K, capacity 6433K, committed 6528K, reserved 1056768K
  class space    used 585K, capacity 626K, committed 640K, reserved 1048576K
}
Event: 3.425 GC heap before
{Heap before GC invocations=7 (full 0):
 PSYoungGen      total 143872K, used 138557K [0x00000000d5b80000, 0x00000000df380000, 0x0000000100000000)
  eden space 133120K, 100% used [0x00000000d5b80000,0x00000000ddd80000,0x00000000ddd80000)
  from space 10752K, 50% used [0x00000000de900000,0x00000000dee4f570,0x00000000df380000)
  to   space 11264K, 0% used [0x00000000ddd80000,0x00000000ddd80000,0x00000000de880000)
 ParOldGen       total 87552K, used 10138K [0x0000000081200000, 0x0000000086780000, 0x00000000d5b80000)
  object space 87552K, 11% used [0x0000000081200000,0x0000000081be6a68,0x0000000086780000)
 Metaspace       used 6194K, capacity 6433K, committed 6528K, reserved 1056768K
  class space    used 585K, capacity 626K, committed 640K, reserved 1048576K
Event: 3.442 GC heap after
Heap after GC invocations=7 (full 0):
 PSYoungGen      total 144384K, used 3616K [0x00000000d5b80000, 0x00000000e7580000, 0x0000000100000000)
  eden space 133120K, 0% used [0x00000000d5b80000,0x00000000d5b80000,0x00000000ddd80000)
  from space 11264K, 32% used [0x00000000ddd80000,0x00000000de108000,0x00000000de880000)
  to   space 11264K, 0% used [0x00000000e6a80000,0x00000000e6a80000,0x00000000e7580000)
 ParOldGen       total 87552K, used 11936K [0x0000000081200000, 0x0000000086780000, 0x00000000d5b80000)
  object space 87552K, 13% used [0x0000000081200000,0x0000000081da8210,0x0000000086780000)
 Metaspace       used 6194K, capacity 6433K, committed 6528K, reserved 1056768K
  class space    used 585K, capacity 626K, committed 640K, reserved 1048576K
}
Event: 4.916 GC heap before
{Heap before GC invocations=8 (full 0):
 PSYoungGen      total 144384K, used 136736K [0x00000000d5b80000, 0x00000000e7580000, 0x0000000100000000)
  eden space 133120K, 100% used [0x00000000d5b80000,0x00000000ddd80000,0x00000000ddd80000)
  from space 11264K, 32% used [0x00000000ddd80000,0x00000000de108000,0x00000000de880000)
  to   space 11264K, 0% used [0x00000000e6a80000,0x00000000e6a80000,0x00000000e7580000)
 ParOldGen       total 87552K, used 11936K [0x0000000081200000, 0x0000000086780000, 0x00000000d5b80000)
  object space 87552K, 13% used [0x0000000081200000,0x0000000081da8210,0x0000000086780000)
 Metaspace       used 6209K, capacity 6433K, committed 6528K, reserved 1056768K
  class space    used 585K, capacity 626K, committed 640K, reserved 1048576K
Event: 4.923 GC heap after
Heap after GC invocations=8 (full 0):
 PSYoungGen      total 277504K, used 2656K [0x00000000d5b80000, 0x00000000e7580000, 0x0000000100000000)
  eden space 266240K, 0% used [0x00000000d5b80000,0x00000000d5b80000,0x00000000e5f80000)
  from space 11264K, 23% used [0x00000000e6a80000,0x00000000e6d18000,0x00000000e7580000)
  to   space 11264K, 0% used [0x00000000e5f80000,0x00000000e5f80000,0x00000000e6a80000)
 ParOldGen       total 87552K, used 12976K [0x0000000081200000, 0x0000000086780000, 0x00000000d5b80000)
  object space 87552K, 14% used [0x0000000081200000,0x0000000081eac3b8,0x0000000086780000)
 Metaspace       used 6209K, capacity 6433K, committed 6528K, reserved 1056768K
  class space    used 585K, capacity 626K, committed 640K, reserved 1048576K
}
Event: 7.143 GC heap before
{Heap before GC invocations=9 (full 0):
 PSYoungGen      total 277504K, used 268896K [0x00000000d5b80000, 0x00000000e7580000, 0x0000000100000000)
  eden space 266240K, 100% used [0x00000000d5b80000,0x00000000e5f80000,0x00000000e5f80000)
  from space 11264K, 23% used [0x00000000e6a80000,0x00000000e6d18000,0x00000000e7580000)
  to   space 11264K, 0% used [0x00000000e5f80000,0x00000000e5f80000,0x00000000e6a80000)
 ParOldGen       total 87552K, used 12976K [0x0000000081200000, 0x0000000086780000, 0x00000000d5b80000)
  object space 87552K, 14% used [0x0000000081200000,0x0000000081eac3b8,0x0000000086780000)
 Metaspace       used 6217K, capacity 6433K, committed 6528K, reserved 1056768K
  class space    used 585K, capacity 626K, committed 640K, reserved 1048576K
Event: 7.149 GC heap after
Heap after GC invocations=9 (full 0):
 PSYoungGen      total 277504K, used 2624K [0x00000000d5b80000, 0x00000000f1180000, 0x0000000100000000)
  eden space 266240K, 0% used [0x00000000d5b80000,0x00000000d5b80000,0x00000000e5f80000)
  from space 11264K, 23% used [0x00000000e5f80000,0x00000000e6210000,0x00000000e6a80000)
  to   space 11264K, 0% used [0x00000000f0680000,0x00000000f0680000,0x00000000f1180000)
 ParOldGen       total 87552K, used 13000K [0x0000000081200000, 0x0000000086780000, 0x00000000d5b80000)
  object space 87552K, 14% used [0x0000000081200000,0x0000000081eb23b8,0x0000000086780000)
 Metaspace       used 6217K, capacity 6433K, committed 6528K, reserved 1056768K
  class space    used 585K, capacity 626K, committed 640K, reserved 1048576K
}

